# JRE version: OpenJDK Runtime Environment (7.0_51) (build 1.7.0_51-b00)
# Java VM: OpenJDK 64-Bit Server VM (24.45-b08 mixed mode linux-amd64 compressed oops)
Heap
 PSYoungGen      total 207872K, used 9543K [0x00000000e1680000, 0x00000000eec80000, 0x0000000100000000)
  eden space 196608K, 0% used [0x00000000e1680000,0x00000000e1680000,0x00000000ed680000)
  from space 11264K, 84% used [0x00000000ed680000,0x00000000edfd1f78,0x00000000ee180000)
  to   space 10752K, 0% used [0x00000000ee200000,0x00000000ee200000,0x00000000eec80000)
 ParOldGen       total 62464K, used 16165K [0x00000000a4400000, 0x00000000a8100000, 0x00000000e1680000)
  object space 62464K, 25% used [0x00000000a4400000,0x00000000a53c9478,0x00000000a8100000)
 PSPermGen       total 25600K, used 25439K [0x0000000099e00000, 0x000000009b700000, 0x00000000a4400000)
  object space 25600K, 99% used [0x0000000099e00000,0x000000009b6d7f90,0x000000009b700000)
GC Heap History (10 events):
Event: 1.288 GC heap after
Heap after GC invocations=2 (full 0):
 PSYoungGen      total 52736K, used 3569K [0x00000000e1680000, 0x00000000e4d80000, 0x0000000100000000)
  eden space 49152K, 0% used [0x00000000e1680000,0x00000000e1680000,0x00000000e4680000)
  from space 3584K, 99% used [0x00000000e4a00000,0x00000000e4d7c478,0x00000000e4d80000)
  to   space 3584K, 0% used [0x00000000e4680000,0x00000000e4680000,0x00000000e4a00000)
 ParOldGen       total 62464K, used 3168K [0x00000000a4400000, 0x00000000a8100000, 0x00000000e1680000)
  object space 62464K, 5% used [0x00000000a4400000,0x00000000a47180a0,0x00000000a8100000)
 PSPermGen       total 21504K, used 12336K [0x0000000099e00000, 0x000000009b300000, 0x00000000a4400000)
  object space 21504K, 57% used [0x0000000099e00000,0x000000009aa0c048,0x000000009b300000)
}
Event: 2.045 GC heap before
{Heap before GC invocations=3 (full 0):
 PSYoungGen      total 52736K, used 52721K [0x00000000e1680000, 0x00000000e4d80000, 0x0000000100000000)
  eden space 49152K, 100% used [0x00000000e1680000,0x00000000e4680000,0x00000000e4680000)
  from space 3584K, 99% used [0x00000000e4a00000,0x00000000e4d7c478,0x00000000e4d80000)
  to   space 3584K, 0% used [0x00000000e4680000,0x00000000e4680000,0x00000000e4a00000)
 ParOldGen       total 62464K, used 3168K [0x00000000a4400000, 0x00000000a8100000, 0x00000000e1680000)
  object space 62464K, 5% used [0x00000000a4400000,0x00000000a47180a0,0x00000000a8100000)
 PSPermGen       total 21504K, used 16500K [0x0000000099e00000, 0x000000009b300000, 0x00000000a4400000)
  object space 21504K, 76% used [0x0000000099e00000,0x000000009ae1d110,0x000000009b300000)
Event: 2.057 GC heap after
Heap after GC invocations=3 (full 0):
 PSYoungGen      total 52736K, used 3552K [0x00000000e1680000, 0x00000000e7d80000, 0x0000000100000000)
  eden space 49152K, 0% used [0x00000000e1680000,0x00000000e1680000,0x00000000e4680000)
  from space 3584K, 99% used [0x00000000e4680000,0x00000000e49f83b0,0x00000000e4a00000)
  to   space 3584K, 0% used [0x00000000e7a00000,0x00000000e7a00000,0x00000000e7d80000)
 ParOldGen       total 62464K, used 8938K [0x00000000a4400000, 0x00000000a8100000, 0x00000000e1680000)
  object space 62464K, 14% used [0x00000000a4400000,0x00000000a4cbaa58,0x00000000a8100000)
 PSPermGen       total 21504K, used 16500K [0x0000000099e00000, 0x000000009b300000, 0x00000000a4400000)
  object space 21504K, 76% used [0x0000000099e00000,0x000000009ae1d110,0x000000009b300000)
}
Event: 2.904 GC heap before
{Heap before GC invocations=4 (full 0):
 PSYoungGen      total 52736K, used 52704K [0x00000000e1680000, 0x00000000e7d80000, 0x0000000100000000)
  eden space 49152K, 100% used [0x00000000e1680000,0x00000000e4680000,0x00000000e4680000)
  from space 3584K, 99% used [0x00000000e4680000,0x00000000e49f83b0,0x00000000e4a00000)
  to   space 3584K, 0% used [0x00000000e7a00000,0x00000000e7a00000,0x00000000e7d80000)
 ParOldGen       total 62464K, used 8938K [0x00000000a4400000, 0x00000000a8100000, 0x00000000e1680000)
  object space 62464K, 14% used [0x00000000a4400000,0x00000000a4cbaa58,0x00000000a8100000)
 PSPermGen       total 21504K, used 19833K [0x0000000099e00000, 0x000000009b300000, 0x00000000a4400000)
  object space 21504K, 92% used [0x0000000099e00000,0x000000009b15e780,0x000000009b300000)
Event: 2.918 GC heap after
Heap after GC invocations=4 (full 0):
 PSYoungGen      total 101888K, used 3573K [0x00000000e1680000, 0x00000000e7d80000, 0x0000000100000000)
  eden space 98304K, 0% used [0x00000000e1680000,0x00000000e1680000,0x00000000e7680000)
  from space 3584K, 99% used [0x00000000e7a00000,0x00000000e7d7d460,0x00000000e7d80000)
  to   space 3584K, 0% used [0x00000000e7680000,0x00000000e7680000,0x00000000e7a00000)
 ParOldGen       total 62464K, used 14632K [0x00000000a4400000, 0x00000000a8100000, 0x00000000e1680000)
  object space 62464K, 23% used [0x00000000a4400000,0x00000000a524a230,0x00000000a8100000)
 PSPermGen       total 21504K, used 19833K [0x0000000099e00000, 0x000000009b300000, 0x00000000a4400000)
  object space 21504K, 92% used [0x0000000099e00000,0x000000009b15e780,0x000000009b300000)
}
Event: 3.279 GC heap before
{Heap before GC invocations=5 (full 0):
 PSYoungGen      total 101888K, used 101877K [0x00000000e1680000, 0x00000000e7d80000, 0x0000000100000000)
  eden space 98304K, 100% used [0x00000000e1680000,0x00000000e7680000,0x00000000e7680000)
  from space 3584K, 99% used [0x00000000e7a00000,0x00000000e7d7d460,0x00000000e7d80000)
  to   space 3584K, 0% used [0x00000000e7680000,0x00000000e7680000,0x00000000e7a00000)
 ParOldGen       total 62464K, used 14632K [0x00000000a4400000, 0x00000000a8100000, 0x00000000e1680000)
  object space 62464K, 23% used [0x00000000a4400000,0x00000000a524a230,0x00000000a8100000)
 PSPermGen       total 21504K, used 19842K [0x0000000099e00000, 0x000000009b300000, 0x00000000a4400000)
  object space 21504K, 92% used [0x0000000099e00000,0x000000009b160b38,0x000000009b300000)
Event: 3.288 GC heap after
Heap after GC invocations=5 (full 0):
 PSYoungGen      total 101888K, used 3572K [0x00000000e1680000, 0x00000000eed80000, 0x0000000100000000)
  eden space 98304K, 0% used [0x00000000e1680000,0x00000000e1680000,0x00000000e7680000)
  from space 3584K, 99% used [0x00000000e7680000,0x00000000e79fd0f0,0x00000000e7a00000)
  to   space 11776K, 0% used [0x00000000ee200000,0x00000000ee200000,0x00000000eed80000)
 ParOldGen       total 62464K, used 14895K [0x00000000a4400000, 0x00000000a8100000, 0x00000000e1680000)
  object space 62464K, 23% used [0x00000000a4400000,0x00000000a528bf50,0x00000000a8100000)
 PSPermGen       total 21504K, used 19842K [0x0000000099e00000, 0x000000009b300000, 0x00000000a4400000)
  object space 21504K, 92% used [0x0000000099e00000,0x000000009b160b38,0x000000009b300000)
}
Event: 3.614 GC heap before
{Heap before GC invocations=6 (full 0):
 PSYoungGen      total 101888K, used 101876K [0x00000000e1680000, 0x00000000eed80000, 0x0000000100000000)
  eden space 98304K, 100% used [0x00000000e1680000,0x00000000e7680000,0x00000000e7680000)
  from space 3584K, 99% used [0x00000000e7680000,0x00000000e79fd0f0,0x00000000e7a00000)
  to   space 11776K, 0% used [0x00000000ee200000,0x00000000ee200000,0x00000000eed80000)
 ParOldGen       total 62464K, used 14895K [0x00000000a4400000, 0x00000000a8100000, 0x00000000e1680000)
  object space 62464K, 23% used [0x00000000a4400000,0x00000000a528bf50,0x00000000a8100000)
 PSPermGen       total 21504K, used 19858K [0x0000000099e00000, 0x000000009b300000, 0x00000000a4400000)
  object space 21504K, 92% used [0x0000000099e00000,0x000000009b164ab8,0x000000009b300000)
Event: 3.626 GC heap after
Heap after GC invocations=6 (full 0):
 PSYoungGen      total 207360K, used 3892K [0x00000000e1680000, 0x00000000eec80000, 0x0000000100000000)
  eden space 196608K, 0% used [0x00000000e1680000,0x00000000e1680000,0x00000000ed680000)
  from space 10752K, 36% used [0x00000000ee200000,0x00000000ee5cd110,0x00000000eec80000)
  to   space 11264K, 0% used [0x00000000ed680000,0x00000000ed680000,0x00000000ee180000)
 ParOldGen       total 62464K, used 14895K [0x00000000a4400000, 0x00000000a8100000, 0x00000000e1680000)
  object space 62464K, 23% used [0x00000000a4400000,0x00000000a528bf50,0x00000000a8100000)
 PSPermGen       total 21504K, used 19858K [0x0000000099e00000, 0x000000009b300000, 0x00000000a4400000)
  object space 21504K, 92% used [0x0000000099e00000,0x000000009b164ab8,0x000000009b300000)
}
Event: 5.439 GC heap before
{Heap before GC invocations=7 (full 0):
 PSYoungGen      total 207360K, used 200500K [0x00000000e1680000, 0x00000000eec80000, 0x0000000100000000)
  eden space 196608K, 100% used [0x00000000e1680000,0x00000000ed680000,0x00000000ed680000)
  from space 10752K, 36% used [0x00000000ee200000,0x00000000ee5cd110,0x00000000eec80000)
  to   space 11264K, 0% used [0x00000000ed680000,0x00000000ed680000,0x00000000ee180000)
 ParOldGen       total 62464K, used 14895K [0x00000000a4400000, 0x00000000a8100000, 0x00000000e1680000)
  object space 62464K, 23% used [0x00000000a4400000,0x00000000a528bf50,0x00000000a8100000)
 PSPermGen       total 25600K, used 25439K [0x0000000099e00000, 0x000000009b700000, 0x00000000a4400000)
  object space 25600K, 99% used [0x0000000099e00000,0x000000009b6d7f90,0x000000009b700000)

