# JRE version: OpenJDK Runtime Environment (7.0_51) (build 1.7.0_51-b00)
# Java VM: OpenJDK 64-Bit Server VM (24.45-b08 mixed mode linux-amd64 compressed oops)
Heap
 PSYoungGen      total 208384K, used 6085K [0x00000000e1680000, 0x00000000eee80000, 0x0000000100000000)
  eden space 196096K, 0% used [0x00000000e1680000,0x00000000e1680000,0x00000000ed600000)
  from space 12288K, 49% used [0x00000000ed600000,0x00000000edbf1480,0x00000000ee200000)
  to   space 11776K, 0% used [0x00000000ee200000,0x00000000ee200000,0x00000000eed80000)
 ParOldGen       total 62464K, used 21167K [0x00000000a4400000, 0x00000000a8100000, 0x00000000e1680000)
  object space 62464K, 33% used [0x00000000a4400000,0x00000000a58abfe8,0x00000000a8100000)
 PSPermGen       total 26112K, used 26023K [0x0000000099e00000, 0x000000009b780000, 0x00000000a4400000)
  object space 26112K, 99% used [0x0000000099e00000,0x000000009b769f20,0x000000009b780000)
GC Heap History (10 events):
Event: 1.254 GC heap after
Heap after GC invocations=2 (full 0):
 PSYoungGen      total 52736K, used 3568K [0x00000000e1680000, 0x00000000e4d80000, 0x0000000100000000)
  eden space 49152K, 0% used [0x00000000e1680000,0x00000000e1680000,0x00000000e4680000)
  from space 3584K, 99% used [0x00000000e4a00000,0x00000000e4d7c3e0,0x00000000e4d80000)
  to   space 3584K, 0% used [0x00000000e4680000,0x00000000e4680000,0x00000000e4a00000)
 ParOldGen       total 62464K, used 3160K [0x00000000a4400000, 0x00000000a8100000, 0x00000000e1680000)
  object space 62464K, 5% used [0x00000000a4400000,0x00000000a4716120,0x00000000a8100000)
 PSPermGen       total 21504K, used 12335K [0x0000000099e00000, 0x000000009b300000, 0x00000000a4400000)
  object space 21504K, 57% used [0x0000000099e00000,0x000000009aa0bee0,0x000000009b300000)
}
Event: 1.984 GC heap before
{Heap before GC invocations=3 (full 0):
 PSYoungGen      total 52736K, used 52720K [0x00000000e1680000, 0x00000000e4d80000, 0x0000000100000000)
  eden space 49152K, 100% used [0x00000000e1680000,0x00000000e4680000,0x00000000e4680000)
  from space 3584K, 99% used [0x00000000e4a00000,0x00000000e4d7c3e0,0x00000000e4d80000)
  to   space 3584K, 0% used [0x00000000e4680000,0x00000000e4680000,0x00000000e4a00000)
 ParOldGen       total 62464K, used 3160K [0x00000000a4400000, 0x00000000a8100000, 0x00000000e1680000)
  object space 62464K, 5% used [0x00000000a4400000,0x00000000a4716120,0x00000000a8100000)
 PSPermGen       total 21504K, used 16500K [0x0000000099e00000, 0x000000009b300000, 0x00000000a4400000)
  object space 21504K, 76% used [0x0000000099e00000,0x000000009ae1d380,0x000000009b300000)
Event: 1.998 GC heap after
Heap after GC invocations=3 (full 0):
 PSYoungGen      total 52736K, used 3568K [0x00000000e1680000, 0x00000000e7d80000, 0x0000000100000000)
  eden space 49152K, 0% used [0x00000000e1680000,0x00000000e1680000,0x00000000e4680000)
  from space 3584K, 99% used [0x00000000e4680000,0x00000000e49fc010,0x00000000e4a00000)
  to   space 3584K, 0% used [0x00000000e7a00000,0x00000000e7a00000,0x00000000e7d80000)
 ParOldGen       total 62464K, used 8901K [0x00000000a4400000, 0x00000000a8100000, 0x00000000e1680000)
  object space 62464K, 14% used [0x00000000a4400000,0x00000000a4cb1770,0x00000000a8100000)
 PSPermGen       total 21504K, used 16500K [0x0000000099e00000, 0x000000009b300000, 0x00000000a4400000)
  object space 21504K, 76% used [0x0000000099e00000,0x000000009ae1d380,0x000000009b300000)
}
Event: 2.840 GC heap before
{Heap before GC invocations=4 (full 0):
 PSYoungGen      total 52736K, used 52720K [0x00000000e1680000, 0x00000000e7d80000, 0x0000000100000000)
  eden space 49152K, 100% used [0x00000000e1680000,0x00000000e4680000,0x00000000e4680000)
  from space 3584K, 99% used [0x00000000e4680000,0x00000000e49fc010,0x00000000e4a00000)
  to   space 3584K, 0% used [0x00000000e7a00000,0x00000000e7a00000,0x00000000e7d80000)
 ParOldGen       total 62464K, used 8901K [0x00000000a4400000, 0x00000000a8100000, 0x00000000e1680000)
  object space 62464K, 14% used [0x00000000a4400000,0x00000000a4cb1770,0x00000000a8100000)
 PSPermGen       total 21504K, used 19130K [0x0000000099e00000, 0x000000009b300000, 0x00000000a4400000)
  object space 21504K, 88% used [0x0000000099e00000,0x000000009b0aeab0,0x000000009b300000)
Event: 2.857 GC heap after
Heap after GC invocations=4 (full 0):
 PSYoungGen      total 101888K, used 3552K [0x00000000e1680000, 0x00000000e7d80000, 0x0000000100000000)
  eden space 98304K, 0% used [0x00000000e1680000,0x00000000e1680000,0x00000000e7680000)
  from space 3584K, 99% used [0x00000000e7a00000,0x00000000e7d78020,0x00000000e7d80000)
  to   space 3584K, 0% used [0x00000000e7680000,0x00000000e7680000,0x00000000e7a00000)
 ParOldGen       total 62464K, used 14559K [0x00000000a4400000, 0x00000000a8100000, 0x00000000e1680000)
  object space 62464K, 23% used [0x00000000a4400000,0x00000000a5237c40,0x00000000a8100000)
 PSPermGen       total 21504K, used 19130K [0x0000000099e00000, 0x000000009b300000, 0x00000000a4400000)
  object space 21504K, 88% used [0x0000000099e00000,0x000000009b0aeab0,0x000000009b300000)
}
Event: 4.238 GC heap before
{Heap before GC invocations=5 (full 0):
 PSYoungGen      total 101888K, used 101856K [0x00000000e1680000, 0x00000000e7d80000, 0x0000000100000000)
  eden space 98304K, 100% used [0x00000000e1680000,0x00000000e7680000,0x00000000e7680000)
  from space 3584K, 99% used [0x00000000e7a00000,0x00000000e7d78020,0x00000000e7d80000)
  to   space 3584K, 0% used [0x00000000e7680000,0x00000000e7680000,0x00000000e7a00000)
 ParOldGen       total 62464K, used 14559K [0x00000000a4400000, 0x00000000a8100000, 0x00000000e1680000)
  object space 62464K, 23% used [0x00000000a4400000,0x00000000a5237c40,0x00000000a8100000)
 PSPermGen       total 25088K, used 24778K [0x0000000099e00000, 0x000000009b680000, 0x00000000a4400000)
  object space 25088K, 98% used [0x0000000099e00000,0x000000009b632958,0x000000009b680000)
Event: 4.250 GC heap after
Heap after GC invocations=5 (full 0):
 PSYoungGen      total 101888K, used 3584K [0x00000000e1680000, 0x00000000eed80000, 0x0000000100000000)
  eden space 98304K, 0% used [0x00000000e1680000,0x00000000e1680000,0x00000000e7680000)
  from space 3584K, 100% used [0x00000000e7680000,0x00000000e7a00000,0x00000000e7a00000)
  to   space 11776K, 0% used [0x00000000ee200000,0x00000000ee200000,0x00000000eed80000)
 ParOldGen       total 62464K, used 20090K [0x00000000a4400000, 0x00000000a8100000, 0x00000000e1680000)
  object space 62464K, 32% used [0x00000000a4400000,0x00000000a579e950,0x00000000a8100000)
 PSPermGen       total 25088K, used 24778K [0x0000000099e00000, 0x000000009b680000, 0x00000000a4400000)
  object space 25088K, 98% used [0x0000000099e00000,0x000000009b632958,0x000000009b680000)
}
Event: 4.546 GC heap before
{Heap before GC invocations=6 (full 0):
 PSYoungGen      total 101888K, used 101888K [0x00000000e1680000, 0x00000000eed80000, 0x0000000100000000)
  eden space 98304K, 100% used [0x00000000e1680000,0x00000000e7680000,0x00000000e7680000)
  from space 3584K, 100% used [0x00000000e7680000,0x00000000e7a00000,0x00000000e7a00000)
  to   space 11776K, 0% used [0x00000000ee200000,0x00000000ee200000,0x00000000eed80000)
 ParOldGen       total 62464K, used 20090K [0x00000000a4400000, 0x00000000a8100000, 0x00000000e1680000)
  object space 62464K, 32% used [0x00000000a4400000,0x00000000a579e950,0x00000000a8100000)
 PSPermGen       total 25088K, used 24791K [0x0000000099e00000, 0x000000009b680000, 0x00000000a4400000)
  object space 25088K, 98% used [0x0000000099e00000,0x000000009b635ee8,0x000000009b680000)
Event: 4.556 GC heap after
Heap after GC invocations=6 (full 0):
 PSYoungGen      total 207872K, used 3888K [0x00000000e1680000, 0x00000000eee80000, 0x0000000100000000)
  eden space 196096K, 0% used [0x00000000e1680000,0x00000000e1680000,0x00000000ed600000)
  from space 11776K, 33% used [0x00000000ee200000,0x00000000ee5cc010,0x00000000eed80000)
  to   space 12288K, 0% used [0x00000000ed600000,0x00000000ed600000,0x00000000ee200000)
 ParOldGen       total 62464K, used 20090K [0x00000000a4400000, 0x00000000a8100000, 0x00000000e1680000)
  object space 62464K, 32% used [0x00000000a4400000,0x00000000a579e950,0x00000000a8100000)
 PSPermGen       total 25088K, used 24791K [0x0000000099e00000, 0x000000009b680000, 0x00000000a4400000)
  object space 25088K, 98% used [0x0000000099e00000,0x000000009b635ee8,0x000000009b680000)
}
Event: 5.466 GC heap before
{Heap before GC invocations=7 (full 0):
 PSYoungGen      total 207872K, used 199984K [0x00000000e1680000, 0x00000000eee80000, 0x0000000100000000)
  eden space 196096K, 100% used [0x00000000e1680000,0x00000000ed600000,0x00000000ed600000)
  from space 11776K, 33% used [0x00000000ee200000,0x00000000ee5cc010,0x00000000eed80000)
  to   space 12288K, 0% used [0x00000000ed600000,0x00000000ed600000,0x00000000ee200000)
 ParOldGen       total 62464K, used 20090K [0x00000000a4400000, 0x00000000a8100000, 0x00000000e1680000)
  object space 62464K, 32% used [0x00000000a4400000,0x00000000a579e950,0x00000000a8100000)
 PSPermGen       total 26112K, used 26023K [0x0000000099e00000, 0x000000009b780000, 0x00000000a4400000)
  object space 26112K, 99% used [0x0000000099e00000,0x000000009b769f20,0x000000009b780000)

